<?xml version="1.0" encoding="UTF-8"?>
<!-- Generated by org.testng.reporters.JUnitReportReporter -->
<testsuite hostname="DESKTOP-L535SJ8" name="jenkinsDemo.JenkinsApplication" tests="1" failures="0" timestamp="6 Jul 2021 07:45:26 GMT" time="37.401" errors="0">
  <testcase name="testJenkins" time="37.401" classname="jenkinsDemo.JenkinsApplication"/>
</testsuite> <!-- jenkinsDemo.JenkinsApplication -->
