<?xml version="1.0" encoding="UTF-8"?>
<!-- Generated by org.testng.reporters.JUnitReportReporter -->
<testsuite skipped="0" hostname="LAPTOP-CQL946G0" name="sauceLabs.TestCase1" tests="2" failures="0" timestamp="2021-11-01T19:39:54 IST" time="19.558" errors="0">
  <testcase name="verifyLogin" time="9.497" classname="sauceLabs.TestCase1"/>
  <system-out/>
  <testcase name="verifyLogin" time="10.061" classname="sauceLabs.TestCase1"/>
  <system-out/>
</testsuite> <!-- sauceLabs.TestCase1 -->
